2023-01-08 14:59:19,573 INFO  [Log] ********************************** 
2023-01-08 14:59:19,573 INFO  [Log] ***************************************** 
2023-01-08 14:59:19,573 INFO  [Log] ############   My first test case is Login test ################ 
2023-01-08 14:59:19,573 INFO  [Log] ********************************** 
2023-01-08 14:59:19,573 INFO  [Log] ***************************************** 
2023-01-08 14:59:19,573 INFO  [Log] My login test is going on 
2023-01-08 14:59:19,573 INFO  [Log] My test case might be failed 
2023-01-08 14:59:26,261 INFO  [Log] My test case is about to complete 
2023-01-08 14:59:26,261 INFO  [Log] ################################## 
2023-01-08 14:59:26,261 INFO  [Log] ########################################## 
2023-01-08 14:59:26,261 INFO  [Log] ############   This is my login test again ################ 
2023-01-08 14:59:26,261 INFO  [Log] ########################## 
2023-01-08 14:59:26,261 INFO  [Log] ########################################## 
2023-01-08 15:03:03,394 INFO  [Log] ********************************** 
2023-01-08 15:03:03,394 INFO  [Log] ***************************************** 
2023-01-08 15:03:03,394 INFO  [Log] ############   My first test case is Login test ################ 
2023-01-08 15:03:03,394 INFO  [Log] ********************************** 
2023-01-08 15:03:03,394 INFO  [Log] ***************************************** 
2023-01-08 15:03:03,394 INFO  [Log] My login test is going on 
2023-01-08 15:03:03,394 INFO  [Log] My test case might be failed 
2023-01-08 15:03:10,474 INFO  [Log] My test case is about to complete 
2023-01-08 15:03:10,474 INFO  [Log] ################################## 
2023-01-08 15:03:10,474 INFO  [Log] ########################################## 
2023-01-08 15:03:10,474 INFO  [Log] ############   This is my login test again ################ 
2023-01-08 15:03:10,475 INFO  [Log] ########################## 
2023-01-08 15:03:10,475 INFO  [Log] ########################################## 
2023-01-08 15:05:47,013 INFO  [Log] ********************************** 
2023-01-08 15:05:47,014 INFO  [Log] ***************************************** 
2023-01-08 15:05:47,014 INFO  [Log] ############   My first test case is Login test ################ 
2023-01-08 15:05:47,014 INFO  [Log] ********************************** 
2023-01-08 15:05:47,014 INFO  [Log] ***************************************** 
2023-01-08 15:05:47,014 INFO  [Log] My login test is going on 
2023-01-08 15:05:47,014 INFO  [Log] My test case might be failed 
2023-01-08 15:05:54,781 INFO  [Log] My test case is about to complete 
2023-01-08 15:05:54,782 INFO  [Log] ################################## 
2023-01-08 15:05:54,782 INFO  [Log] ########################################## 
2023-01-08 15:05:54,782 INFO  [Log] ############   This is my login test again ################ 
2023-01-08 15:05:54,782 INFO  [Log] ########################## 
2023-01-08 15:05:54,782 INFO  [Log] ########################################## 
2023-01-21 11:21:46,250 INFO  [Log] ********************************** 
2023-01-21 11:21:46,250 INFO  [Log] ***************************************** 
2023-01-21 11:21:46,251 INFO  [Log] ############   My first test case is Login test ################ 
2023-01-21 11:21:46,251 INFO  [Log] ********************************** 
2023-01-21 11:21:46,251 INFO  [Log] ***************************************** 
2023-01-21 11:21:46,251 INFO  [Log] My login test is going on 
2023-01-21 11:21:46,251 INFO  [Log] My test case might be failed 
2023-01-21 11:21:47,038 INFO  [Log] My test case is about to complete 
2023-01-21 11:21:47,038 INFO  [Log] ################################## 
2023-01-21 11:21:47,038 INFO  [Log] ########################################## 
2023-01-21 11:21:47,038 INFO  [Log] ############   This is my login test again ################ 
2023-01-21 11:21:47,038 INFO  [Log] ########################## 
2023-01-21 11:21:47,038 INFO  [Log] ########################################## 
2023-02-18 10:36:10,175 INFO  [Log] ********************************** 
2023-02-18 10:36:10,175 INFO  [Log] ***************************************** 
2023-02-18 10:36:10,175 INFO  [Log] ############   My first test case is Login test ################ 
2023-02-18 10:36:10,175 INFO  [Log] ********************************** 
2023-02-18 10:36:10,175 INFO  [Log] ***************************************** 
2023-02-18 10:36:10,175 INFO  [Log] My login test is going on 
2023-02-18 10:36:10,175 INFO  [Log] My test case might be failed 
2023-02-18 10:36:24,681 INFO  [Log] My test case is about to complete 
2023-02-18 10:36:24,681 INFO  [Log] ################################## 
2023-02-18 10:36:24,681 INFO  [Log] ########################################## 
2023-02-18 10:36:24,681 INFO  [Log] ############   This is my login test again ################ 
2023-02-18 10:36:24,682 INFO  [Log] ########################## 
2023-02-18 10:36:24,682 INFO  [Log] ########################################## 
2023-03-11 00:34:26,546 INFO  [Log] ********************************** 
2023-03-11 00:34:26,547 INFO  [Log] ***************************************** 
2023-03-11 00:34:26,547 INFO  [Log] ############   My first test case is Login test ################ 
2023-03-11 00:34:26,547 INFO  [Log] ********************************** 
2023-03-11 00:34:26,547 INFO  [Log] ***************************************** 
2023-03-11 00:34:26,547 INFO  [Log] My login test is going on 
2023-03-11 00:34:26,547 INFO  [Log] My test case might be failed 
2023-03-11 00:34:41,388 INFO  [Log] My test case is about to complete 
2023-03-11 00:34:41,389 INFO  [Log] ################################## 
2023-03-11 00:34:41,389 INFO  [Log] ########################################## 
2023-03-11 00:34:41,389 INFO  [Log] ############   This is my login test again ################ 
2023-03-11 00:34:41,389 INFO  [Log] ########################## 
2023-03-11 00:34:41,389 INFO  [Log] ########################################## 
2023-03-13 19:11:41,187 INFO  [Log] ********************************** 
2023-03-13 19:11:41,188 INFO  [Log] ***************************************** 
2023-03-13 19:11:41,188 INFO  [Log] ############   My first test case is Login test ################ 
2023-03-13 19:11:41,188 INFO  [Log] ********************************** 
2023-03-13 19:11:41,188 INFO  [Log] ***************************************** 
2023-03-13 19:11:41,188 INFO  [Log] My login test is going on 
2023-03-13 19:11:41,188 INFO  [Log] My test case might be failed 
2023-03-13 19:11:51,740 INFO  [Log] My test case is about to complete 
2023-03-13 19:11:51,741 INFO  [Log] ################################## 
2023-03-13 19:11:51,741 INFO  [Log] ########################################## 
2023-03-13 19:11:51,741 INFO  [Log] ############   This is my login test again ################ 
2023-03-13 19:11:51,741 INFO  [Log] ########################## 
2023-03-13 19:11:51,741 INFO  [Log] ########################################## 
2023-03-13 19:20:01,586 INFO  [Log] ********************************** 
2023-03-13 19:20:01,586 INFO  [Log] ***************************************** 
2023-03-13 19:20:01,586 INFO  [Log] ############   My first test case is Login test ################ 
2023-03-13 19:20:01,586 INFO  [Log] ********************************** 
2023-03-13 19:20:01,586 INFO  [Log] ***************************************** 
2023-03-13 19:20:01,586 INFO  [Log] My login test is going on 
2023-03-13 19:20:01,587 INFO  [Log] My test case might be failed 
2023-03-13 19:20:15,928 INFO  [Log] My test case is about to complete 
2023-03-13 19:20:15,928 INFO  [Log] ################################## 
2023-03-13 19:20:15,928 INFO  [Log] ########################################## 
2023-03-13 19:20:15,928 INFO  [Log] ############   This is my login test again ################ 
2023-03-13 19:20:15,928 INFO  [Log] ########################## 
2023-03-13 19:20:15,928 INFO  [Log] ########################################## 
2023-03-13 19:22:29,814 INFO  [Log] ********************************** 
2023-03-13 19:22:29,814 INFO  [Log] ***************************************** 
2023-03-13 19:22:29,814 INFO  [Log] ############   My first test case is Login test ################ 
2023-03-13 19:22:29,814 INFO  [Log] ********************************** 
2023-03-13 19:22:29,814 INFO  [Log] ***************************************** 
2023-03-13 19:22:29,814 INFO  [Log] My login test is going on 
2023-03-13 19:22:29,814 INFO  [Log] My test case might be failed 
2023-03-13 19:22:42,191 INFO  [Log] My test case is about to complete 
2023-03-13 19:22:42,192 INFO  [Log] ################################## 
2023-03-13 19:22:42,193 INFO  [Log] ########################################## 
2023-03-13 19:22:42,193 INFO  [Log] ############   This is my login test again ################ 
2023-03-13 19:22:42,193 INFO  [Log] ########################## 
2023-03-13 19:22:42,193 INFO  [Log] ########################################## 
2023-03-13 19:24:50,667 INFO  [Log] ********************************** 
2023-03-13 19:24:50,668 INFO  [Log] ***************************************** 
2023-03-13 19:24:50,668 INFO  [Log] ############   My first test case is Login test ################ 
2023-03-13 19:24:50,668 INFO  [Log] ********************************** 
2023-03-13 19:24:50,668 INFO  [Log] ***************************************** 
2023-03-13 19:24:50,668 INFO  [Log] My login test is going on 
2023-03-13 19:24:50,668 INFO  [Log] My test case might be failed 
2023-03-13 19:25:03,476 INFO  [Log] My test case is about to complete 
2023-03-13 19:25:03,477 INFO  [Log] ################################## 
2023-03-13 19:25:03,477 INFO  [Log] ########################################## 
2023-03-13 19:25:03,477 INFO  [Log] ############   This is my login test again ################ 
2023-03-13 19:25:03,477 INFO  [Log] ########################## 
2023-03-13 19:25:03,477 INFO  [Log] ########################################## 
2023-03-14 15:20:42,425 INFO  [Log] ********************************** 
2023-03-14 15:20:42,426 INFO  [Log] ***************************************** 
2023-03-14 15:20:42,426 INFO  [Log] ############   My first test case is Login test ################ 
2023-03-14 15:20:42,426 INFO  [Log] ********************************** 
2023-03-14 15:20:42,426 INFO  [Log] ***************************************** 
2023-03-14 15:20:42,426 INFO  [Log] My login test is going on 
2023-03-14 15:20:42,426 INFO  [Log] My test case might be failed 
2023-03-14 15:20:48,342 INFO  [Log] My test case is about to complete 
2023-03-14 15:20:48,342 INFO  [Log] ################################## 
2023-03-14 15:20:48,342 INFO  [Log] ########################################## 
2023-03-14 15:20:48,342 INFO  [Log] ############   This is my login test again ################ 
2023-03-14 15:20:48,342 INFO  [Log] ########################## 
2023-03-14 15:20:48,342 INFO  [Log] ########################################## 
2023-03-14 15:21:01,163 INFO  [Log] ********************************** 
2023-03-14 15:21:01,163 INFO  [Log] ***************************************** 
2023-03-14 15:21:01,163 INFO  [Log] ############   My first test case is Login test ################ 
2023-03-14 15:21:01,163 INFO  [Log] ********************************** 
2023-03-14 15:21:01,163 INFO  [Log] ***************************************** 
2023-03-14 15:21:01,163 INFO  [Log] My login test is going on 
2023-03-14 15:21:01,163 INFO  [Log] My test case might be failed 
2023-03-14 15:21:03,727 INFO  [Log] My test case is about to complete 
2023-03-14 15:21:03,727 INFO  [Log] ################################## 
2023-03-14 15:21:03,727 INFO  [Log] ########################################## 
2023-03-14 15:21:03,727 INFO  [Log] ############   This is my login test again ################ 
2023-03-14 15:21:03,727 INFO  [Log] ########################## 
2023-03-14 15:21:03,727 INFO  [Log] ########################################## 
2023-03-17 15:14:05,256 INFO  [Log] ********************************** 
2023-03-17 15:14:05,257 INFO  [Log] ***************************************** 
2023-03-17 15:14:05,257 INFO  [Log] ############   My first test case is Login test ################ 
2023-03-17 15:14:05,257 INFO  [Log] ********************************** 
2023-03-17 15:14:05,257 INFO  [Log] ***************************************** 
2023-03-17 15:14:05,257 INFO  [Log] My login test is going on 
2023-03-17 15:14:05,257 INFO  [Log] My test case might be failed 
2023-03-17 15:14:10,471 INFO  [Log] My test case is about to complete 
2023-03-17 15:14:10,471 INFO  [Log] ################################## 
2023-03-17 15:14:10,471 INFO  [Log] ########################################## 
2023-03-17 15:14:10,471 INFO  [Log] ############   This is my login test again ################ 
2023-03-17 15:14:10,471 INFO  [Log] ########################## 
2023-03-17 15:14:10,471 INFO  [Log] ########################################## 
2023-03-17 15:15:48,470 INFO  [Log] ********************************** 
2023-03-17 15:15:48,471 INFO  [Log] ***************************************** 
2023-03-17 15:15:48,471 INFO  [Log] ############   My first test case is Login test ################ 
2023-03-17 15:15:48,471 INFO  [Log] ********************************** 
2023-03-17 15:15:48,471 INFO  [Log] ***************************************** 
2023-03-17 15:15:48,471 INFO  [Log] My login test is going on 
2023-03-17 15:15:48,471 INFO  [Log] My test case might be failed 
2023-03-17 15:15:51,015 INFO  [Log] My test case is about to complete 
2023-03-17 15:15:51,015 INFO  [Log] ################################## 
2023-03-17 15:15:51,015 INFO  [Log] ########################################## 
2023-03-17 15:15:51,015 INFO  [Log] ############   This is my login test again ################ 
2023-03-17 15:15:51,015 INFO  [Log] ########################## 
2023-03-17 15:15:51,015 INFO  [Log] ########################################## 
2023-03-18 17:56:00,780 INFO  [Log] ********************************** 
2023-03-18 17:56:00,780 INFO  [Log] ***************************************** 
2023-03-18 17:56:00,780 INFO  [Log] ############   My first test case is Login test ################ 
2023-03-18 17:56:00,780 INFO  [Log] ********************************** 
2023-03-18 17:56:00,780 INFO  [Log] ***************************************** 
2023-03-18 17:56:00,780 INFO  [Log] My login test is going on 
2023-03-18 17:56:00,780 INFO  [Log] My test case might be failed 
2023-03-18 17:56:01,479 INFO  [Log] My test case is about to complete 
2023-03-18 17:56:01,479 INFO  [Log] ################################## 
2023-03-18 17:56:01,479 INFO  [Log] ########################################## 
2023-03-18 17:56:01,479 INFO  [Log] ############   This is my login test again ################ 
2023-03-18 17:56:01,479 INFO  [Log] ########################## 
2023-03-18 17:56:01,479 INFO  [Log] ########################################## 
